{
  "stats": {
    "suites": 2,
    "tests": 4,
    "passes": 3,
    "pending": 0,
    "failures": 1,
    "testsRegistered": 4,
    "passPercent": 75,
    "pendingPercent": 0,
    "other": 0,
    "hasOther": false,
    "skipped": 0,
    "hasSkipped": false,
    "start": "2025-08-01T17:38:51.239Z",
    "end": "2025-08-01T17:39:03.624Z",
    "duration": 12385
  },
  "results": [
    {
      "uuid": "79cf24a0-e15a-4d13-886d-c76fabbddb5b",
      "title": "",
      "fullFile": "cypress/e2e/api.cy.js",
      "file": "cypress/e2e/api.cy.js",
      "beforeHooks": [],
      "afterHooks": [],
      "tests": [],
      "suites": [
        {
          "uuid": "02a3eed2-8490-45e9-9327-604ddf827b25",
          "title": "GET Mercado Libre",
          "fullFile": "",
          "file": "",
          "beforeHooks": [],
          "afterHooks": [],
          "tests": [
            {
              "title": "GET departments",
              "fullTitle": "GET Mercado Libre GET departments",
              "timedOut": null,
              "duration": 555,
              "state": "passed",
              "speed": "fast",
              "pass": true,
              "fail": false,
              "pending": false,
              "context": null,
              "code": "cy.request('GET', 'https://www.mercadolibre.com.ar/menu/departments').then(response => {\n  expect(response.status).to.eq(200);\n  const responseString = JSON.stringify(response.body);\n  expect(responseString).to.include(\"departments\");\n});",
              "err": {},
              "uuid": "ad87ef6a-8006-46fa-a1fc-a36720834809",
              "parentUUID": "02a3eed2-8490-45e9-9327-604ddf827b25",
              "isHook": false,
              "skipped": false
            }
          ],
          "suites": [],
          "passes": [
            "ad87ef6a-8006-46fa-a1fc-a36720834809"
          ],
          "failures": [],
          "pending": [],
          "skipped": [],
          "duration": 555,
          "root": false,
          "rootEmpty": false,
          "_timeout": 2000
        }
      ],
      "passes": [],
      "failures": [],
      "pending": [],
      "skipped": [],
      "duration": 0,
      "root": true,
      "rootEmpty": true,
      "_timeout": 2000
    },
    {
      "uuid": "495de1fa-151a-4ab7-a13c-93687896544f",
      "title": "",
      "fullFile": "cypress/e2e/login.cy.js",
      "file": "cypress/e2e/login.cy.js",
      "beforeHooks": [],
      "afterHooks": [],
      "tests": [],
      "suites": [
        {
          "uuid": "3cbca9bf-3911-4610-82d0-12a187dd890c",
          "title": "Login",
          "fullFile": "",
          "file": "",
          "beforeHooks": [],
          "afterHooks": [],
          "tests": [
            {
              "title": "Login correcto",
              "fullTitle": "Login Login correcto",
              "timedOut": null,
              "duration": 1588,
              "state": "passed",
              "speed": "fast",
              "pass": true,
              "fail": false,
              "pending": false,
              "context": null,
              "code": "cy.visit('https://www.saucedemo.com');\ncy.get('#user-name').type('standard_user');\ncy.get('#password').type('secret_sauce');\ncy.get('#login-button').click();\ncy.url().should('include', '/inventory.html');",
              "err": {},
              "uuid": "237e480e-75ea-4da0-a8aa-dfbce48b52b9",
              "parentUUID": "3cbca9bf-3911-4610-82d0-12a187dd890c",
              "isHook": false,
              "skipped": false
            },
            {
              "title": "Login erroneo",
              "fullTitle": "Login Login erroneo",
              "timedOut": null,
              "duration": 968,
              "state": "passed",
              "speed": "fast",
              "pass": true,
              "fail": false,
              "pending": false,
              "context": null,
              "code": "cy.visit('https://www.saucedemo.com');\ncy.get('#user-name').type('standard_user');\ncy.get('#password').type('password');\ncy.get('#login-button').click();\ncy.get('[data-test=\"error\"]').should('be.visible');",
              "err": {},
              "uuid": "c87a7f9a-42c0-4a7f-86d1-b349f7d0a76e",
              "parentUUID": "3cbca9bf-3911-4610-82d0-12a187dd890c",
              "isHook": false,
              "skipped": false
            },
            {
              "title": "Login roto",
              "fullTitle": "Login Login roto",
              "timedOut": null,
              "duration": 5009,
              "state": "failed",
              "speed": null,
              "pass": false,
              "fail": true,
              "pending": false,
              "context": "\" assets/login.cy.js/Login -- Login roto (failed).png\"",
              "code": "cy.visit('https://www.saucedemo.com');\ncy.log(Cypress.currentTest.title);\ncy.get('#user-name').type('standard_user');\ncy.get('#password').type('password');\ncy.get('#login-button').click();\ncy.get('[data-test=\"test\"]').should('be.visible');",
              "err": {
                "message": "AssertionError: Timed out retrying after 4000ms: Expected to find element: `[data-test=\"test\"]`, but never found it.",
                "estack": "AssertionError: Timed out retrying after 4000ms: Expected to find element: `[data-test=\"test\"]`, but never found it.\n    at Context.eval (webpack://challengeqa/./cypress/e2e/login.cy.js:24:33)",
                "diff": null
              },
              "uuid": "19c8e721-2094-4fa8-ba20-b0b995e19a47",
              "parentUUID": "3cbca9bf-3911-4610-82d0-12a187dd890c",
              "isHook": false,
              "skipped": false
            }
          ],
          "suites": [],
          "passes": [
            "237e480e-75ea-4da0-a8aa-dfbce48b52b9",
            "c87a7f9a-42c0-4a7f-86d1-b349f7d0a76e"
          ],
          "failures": [
            "19c8e721-2094-4fa8-ba20-b0b995e19a47"
          ],
          "pending": [],
          "skipped": [],
          "duration": 7565,
          "root": false,
          "rootEmpty": false,
          "_timeout": 2000
        }
      ],
      "passes": [],
      "failures": [],
      "pending": [],
      "skipped": [],
      "duration": 0,
      "root": true,
      "rootEmpty": true,
      "_timeout": 2000
    }
  ],
  "meta": {
    "mocha": {
      "version": "7.2.0"
    },
    "mochawesome": {
      "options": {
        "quiet": false,
        "reportFilename": "mochawesome",
        "saveHtml": false,
        "saveJson": true,
        "consoleReporter": "spec",
        "useInlineDiffs": false,
        "code": true
      },
      "version": "7.1.3"
    },
    "marge": {
      "options": {
        "id": "default",
        "reportDir": "cypress/reports/mocha",
        "quite": true,
        "overwrite": false,
        "html": false,
        "json": true
      },
      "version": "6.2.0"
    }
  }
}