{
  "stats": {
    "suites": 2,
    "tests": 4,
    "passes": 3,
    "pending": 0,
    "failures": 1,
    "testsRegistered": 4,
    "passPercent": 75,
    "pendingPercent": 0,
    "other": 0,
    "hasOther": false,
    "skipped": 0,
    "hasSkipped": false,
    "start": "2025-08-01T18:06:54.835Z",
    "end": "2025-08-01T18:07:07.608Z",
    "duration": 12773
  },
  "results": [
    {
      "uuid": "89a59dc2-de4f-4d44-ab96-dcb8cbc41bc7",
      "title": "",
      "fullFile": "cypress/e2e/api.cy.js",
      "file": "cypress/e2e/api.cy.js",
      "beforeHooks": [],
      "afterHooks": [],
      "tests": [],
      "suites": [
        {
          "uuid": "fe6b54a1-9359-4706-8a33-dfbe4407411a",
          "title": "GET Mercado Libre",
          "fullFile": "",
          "file": "",
          "beforeHooks": [],
          "afterHooks": [],
          "tests": [
            {
              "title": "GET departments",
              "fullTitle": "GET Mercado Libre GET departments",
              "timedOut": null,
              "duration": 510,
              "state": "passed",
              "speed": "fast",
              "pass": true,
              "fail": false,
              "pending": false,
              "context": null,
              "code": "cy.request('GET', 'https://www.mercadolibre.com.ar/menu/departments').then(response => {\n  expect(response.status).to.eq(200);\n  const responseString = JSON.stringify(response.body);\n  expect(responseString).to.include(\"departments\");\n});",
              "err": {},
              "uuid": "c5393c20-2b32-4d93-b3f2-cde31e43e0c6",
              "parentUUID": "fe6b54a1-9359-4706-8a33-dfbe4407411a",
              "isHook": false,
              "skipped": false
            }
          ],
          "suites": [],
          "passes": [
            "c5393c20-2b32-4d93-b3f2-cde31e43e0c6"
          ],
          "failures": [],
          "pending": [],
          "skipped": [],
          "duration": 510,
          "root": false,
          "rootEmpty": false,
          "_timeout": 2000
        }
      ],
      "passes": [],
      "failures": [],
      "pending": [],
      "skipped": [],
      "duration": 0,
      "root": true,
      "rootEmpty": true,
      "_timeout": 2000
    },
    {
      "uuid": "2a05ce67-a843-4a69-bc7d-35da848d5a30",
      "title": "",
      "fullFile": "cypress/e2e/login.cy.js",
      "file": "cypress/e2e/login.cy.js",
      "beforeHooks": [],
      "afterHooks": [],
      "tests": [],
      "suites": [
        {
          "uuid": "71c5933e-a078-4fcc-89d7-f2ab67245ff3",
          "title": "Login",
          "fullFile": "",
          "file": "",
          "beforeHooks": [],
          "afterHooks": [],
          "tests": [
            {
              "title": "Login correcto",
              "fullTitle": "Login Login correcto",
              "timedOut": null,
              "duration": 1707,
              "state": "passed",
              "speed": "fast",
              "pass": true,
              "fail": false,
              "pending": false,
              "context": null,
              "code": "cy.visit('https://www.saucedemo.com');\ncy.get('#user-name').type('standard_user');\ncy.get('#password').type('secret_sauce');\ncy.get('#login-button').click();\ncy.url().should('include', '/inventory.html');",
              "err": {},
              "uuid": "43869a07-4178-498c-a9de-d15b5c318f4f",
              "parentUUID": "71c5933e-a078-4fcc-89d7-f2ab67245ff3",
              "isHook": false,
              "skipped": false
            },
            {
              "title": "Login erroneo",
              "fullTitle": "Login Login erroneo",
              "timedOut": null,
              "duration": 954,
              "state": "passed",
              "speed": "fast",
              "pass": true,
              "fail": false,
              "pending": false,
              "context": null,
              "code": "cy.visit('https://www.saucedemo.com');\ncy.get('#user-name').type('standard_user');\ncy.get('#password').type('password');\ncy.get('#login-button').click();\ncy.get('[data-test=\"error\"]').should('be.visible');",
              "err": {},
              "uuid": "6dd595e5-691d-417b-a8de-e329afc82f43",
              "parentUUID": "71c5933e-a078-4fcc-89d7-f2ab67245ff3",
              "isHook": false,
              "skipped": false
            },
            {
              "title": "Login roto",
              "fullTitle": "Login Login roto",
              "timedOut": null,
              "duration": 5043,
              "state": "failed",
              "speed": null,
              "pass": false,
              "fail": true,
              "pending": false,
              "context": "\" assets/login.cy.js/Login -- Login roto (failed).png\"",
              "code": "cy.visit('https://www.saucedemo.com');\ncy.log(Cypress.currentTest.title);\ncy.get('#user-name').type('standard_user');\ncy.get('#password').type('password');\ncy.get('#login-button').click();\ncy.get('[data-test=\"test\"]').should('be.visible');",
              "err": {
                "message": "AssertionError: Timed out retrying after 4000ms: Expected to find element: `[data-test=\"test\"]`, but never found it.",
                "estack": "AssertionError: Timed out retrying after 4000ms: Expected to find element: `[data-test=\"test\"]`, but never found it.\n    at Context.eval (webpack://challengeqa/./cypress/e2e/login.cy.js:24:33)",
                "diff": null
              },
              "uuid": "ca9031cb-a335-4f8d-b20e-6a0bb2cd8741",
              "parentUUID": "71c5933e-a078-4fcc-89d7-f2ab67245ff3",
              "isHook": false,
              "skipped": false
            }
          ],
          "suites": [],
          "passes": [
            "43869a07-4178-498c-a9de-d15b5c318f4f",
            "6dd595e5-691d-417b-a8de-e329afc82f43"
          ],
          "failures": [
            "ca9031cb-a335-4f8d-b20e-6a0bb2cd8741"
          ],
          "pending": [],
          "skipped": [],
          "duration": 7704,
          "root": false,
          "rootEmpty": false,
          "_timeout": 2000
        }
      ],
      "passes": [],
      "failures": [],
      "pending": [],
      "skipped": [],
      "duration": 0,
      "root": true,
      "rootEmpty": true,
      "_timeout": 2000
    }
  ],
  "meta": {
    "mocha": {
      "version": "7.2.0"
    },
    "mochawesome": {
      "options": {
        "quiet": false,
        "reportFilename": "mochawesome",
        "saveHtml": false,
        "saveJson": true,
        "consoleReporter": "spec",
        "useInlineDiffs": false,
        "code": true
      },
      "version": "7.1.3"
    },
    "marge": {
      "options": {
        "id": "default",
        "reportDir": "cypress/reports/mocha",
        "quite": true,
        "overwrite": false,
        "html": false,
        "json": true
      },
      "version": "6.2.0"
    }
  }
}